# JRE version: Java(TM) SE Runtime Environment (21.0.7+8) (build 21.0.7+8-LTS-245)
# Java VM: Java HotSpot(TM) 64-Bit Server VM (21.0.7+8-LTS-245, mixed mode, emulated-client, sharing, tiered, compressed oops, compressed class ptrs, g1 gc, windows-amd64)
GC Precious Log:
 CardTable entry size: 512
 Card Set container configuration: InlinePtr #cards 5 size 8 Array Of Cards #cards 12 size 40 Howl #buckets 4 coarsen threshold 1843 Howl Bitmap #cards 512 size 80 coarsen threshold 460 Card regions per heap region 1 cards per card region 2048
 CPUs: 4 total, 4 available
 Memory: 4002M
 Large Page Support: Disabled
 NUMA Support: Disabled
 Compressed Oops: Enabled (32-bit)
 Heap Region Size: 1M
 Heap Min Capacity: 8M
 Heap Initial Capacity: 64M
 Heap Max Capacity: 1002M
 Pre-touch: Disabled
 Parallel Workers: 4
 Concurrent Workers: 1
 Concurrent Refinement Workers: 4
 Periodic GC: Disabled
Heap:
 garbage-first heap   total 66560K, used 47934K [0x00000000c1600000, 0x0000000100000000)
  region size 1024K, 23 young (23552K), 2 survivors (2048K)
 Metaspace       used 63983K, committed 64576K, reserved 1114112K
  class space    used 8928K, committed 9216K, reserved 1048576K
GC Heap History (20 events):
Event: 1.705 GC heap before
{Heap before GC invocations=2 (full 0):
 garbage-first heap   total 65536K, used 35421K [0x00000000c1600000, 0x0000000100000000)
  region size 1024K, 27 young (27648K), 2 survivors (2048K)
 Metaspace       used 13865K, committed 14336K, reserved 1114112K
  class space    used 1875K, committed 2112K, reserved 1048576K
}
Event: 1.709 GC heap after
{Heap after GC invocations=3 (full 0):
 garbage-first heap   total 65536K, used 11687K [0x00000000c1600000, 0x0000000100000000)
  region size 1024K, 4 young (4096K), 4 survivors (4096K)
 Metaspace       used 13865K, committed 14336K, reserved 1114112K
  class space    used 1875K, committed 2112K, reserved 1048576K
}
Event: 2.143 GC heap before
{Heap before GC invocations=3 (full 0):
 garbage-first heap   total 65536K, used 43431K [0x00000000c1600000, 0x0000000100000000)
  region size 1024K, 37 young (37888K), 4 survivors (4096K)
 Metaspace       used 21128K, committed 21504K, reserved 1114112K
  class space    used 2784K, committed 2944K, reserved 1048576K
}
Event: 2.152 GC heap after
{Heap after GC invocations=4 (full 0):
 garbage-first heap   total 65536K, used 14600K [0x00000000c1600000, 0x0000000100000000)
  region size 1024K, 5 young (5120K), 5 survivors (5120K)
 Metaspace       used 21128K, committed 21504K, reserved 1114112K
  class space    used 2784K, committed 2944K, reserved 1048576K
}
Event: 2.764 GC heap before
{Heap before GC invocations=5 (full 0):
 garbage-first heap   total 55296K, used 41224K [0x00000000c1600000, 0x0000000100000000)
  region size 1024K, 32 young (32768K), 5 survivors (5120K)
 Metaspace       used 23763K, committed 24256K, reserved 1114112K
  class space    used 3167K, committed 3392K, reserved 1048576K
}
Event: 2.771 GC heap after
{Heap after GC invocations=6 (full 0):
 garbage-first heap   total 55296K, used 16973K [0x00000000c1600000, 0x0000000100000000)
  region size 1024K, 3 young (3072K), 3 survivors (3072K)
 Metaspace       used 23763K, committed 24256K, reserved 1114112K
  class space    used 3167K, committed 3392K, reserved 1048576K
}
Event: 3.307 GC heap before
{Heap before GC invocations=6 (full 0):
 garbage-first heap   total 55296K, used 42573K [0x00000000c1600000, 0x0000000100000000)
  region size 1024K, 28 young (28672K), 3 survivors (3072K)
 Metaspace       used 27562K, committed 28096K, reserved 1114112K
  class space    used 3736K, committed 3968K, reserved 1048576K
}
Event: 3.312 GC heap after
{Heap after GC invocations=7 (full 0):
 garbage-first heap   total 55296K, used 19193K [0x00000000c1600000, 0x0000000100000000)
  region size 1024K, 3 young (3072K), 3 survivors (3072K)
 Metaspace       used 27562K, committed 28096K, reserved 1114112K
  class space    used 3736K, committed 3968K, reserved 1048576K
}
Event: 3.789 GC heap before
{Heap before GC invocations=7 (full 0):
 garbage-first heap   total 55296K, used 44793K [0x00000000c1600000, 0x0000000100000000)
  region size 1024K, 28 young (28672K), 3 survivors (3072K)
 Metaspace       used 31386K, committed 32000K, reserved 1114112K
  class space    used 4279K, committed 4544K, reserved 1048576K
}
Event: 3.794 GC heap after
{Heap after GC invocations=8 (full 0):
 garbage-first heap   total 55296K, used 21999K [0x00000000c1600000, 0x0000000100000000)
  region size 1024K, 3 young (3072K), 3 survivors (3072K)
 Metaspace       used 31386K, committed 32000K, reserved 1114112K
  class space    used 4279K, committed 4544K, reserved 1048576K
}
Event: 4.148 GC heap before
{Heap before GC invocations=8 (full 0):
 garbage-first heap   total 55296K, used 36335K [0x00000000c1600000, 0x0000000100000000)
  region size 1024K, 18 young (18432K), 3 survivors (3072K)
 Metaspace       used 35636K, committed 36160K, reserved 1114112K
  class space    used 4957K, committed 5184K, reserved 1048576K
}
Event: 4.152 GC heap after
{Heap after GC invocations=9 (full 0):
 garbage-first heap   total 55296K, used 22869K [0x00000000c1600000, 0x0000000100000000)
  region size 1024K, 1 young (1024K), 1 survivors (1024K)
 Metaspace       used 35636K, committed 36160K, reserved 1114112K
  class space    used 4957K, committed 5184K, reserved 1048576K
}
Event: 4.655 GC heap before
{Heap before GC invocations=10 (full 0):
 garbage-first heap   total 55296K, used 46421K [0x00000000c1600000, 0x0000000100000000)
  region size 1024K, 24 young (24576K), 1 survivors (1024K)
 Metaspace       used 40309K, committed 40960K, reserved 1114112K
  class space    used 5842K, committed 6144K, reserved 1048576K
}
Event: 4.657 GC heap after
{Heap after GC invocations=11 (full 0):
 garbage-first heap   total 55296K, used 24490K [0x00000000c1600000, 0x0000000100000000)
  region size 1024K, 3 young (3072K), 3 survivors (3072K)
 Metaspace       used 40309K, committed 40960K, reserved 1114112K
  class space    used 5842K, committed 6144K, reserved 1048576K
}
Event: 5.506 GC heap before
{Heap before GC invocations=11 (full 0):
 garbage-first heap   total 55296K, used 45994K [0x00000000c1600000, 0x0000000100000000)
  region size 1024K, 25 young (25600K), 3 survivors (3072K)
 Metaspace       used 49988K, committed 50624K, reserved 1114112K
  class space    used 6981K, committed 7296K, reserved 1048576K
}
Event: 5.511 GC heap after
{Heap after GC invocations=12 (full 0):
 garbage-first heap   total 55296K, used 26553K [0x00000000c1600000, 0x0000000100000000)
  region size 1024K, 4 young (4096K), 4 survivors (4096K)
 Metaspace       used 49988K, committed 50624K, reserved 1114112K
  class space    used 6981K, committed 7296K, reserved 1048576K
}
Event: 5.851 GC heap before
{Heap before GC invocations=12 (full 0):
 garbage-first heap   total 55296K, used 47033K [0x00000000c1600000, 0x0000000100000000)
  region size 1024K, 24 young (24576K), 4 survivors (4096K)
 Metaspace       used 54421K, committed 55104K, reserved 1114112K
  class space    used 7450K, committed 7744K, reserved 1048576K
}
Event: 5.855 GC heap after
{Heap after GC invocations=13 (full 0):
 garbage-first heap   total 55296K, used 28121K [0x00000000c1600000, 0x0000000100000000)
  region size 1024K, 2 young (2048K), 2 survivors (2048K)
 Metaspace       used 54421K, committed 55104K, reserved 1114112K
  class space    used 7450K, committed 7744K, reserved 1048576K
}
Event: 6.217 GC heap before
{Heap before GC invocations=13 (full 0):
 garbage-first heap   total 55296K, used 44505K [0x00000000c1600000, 0x0000000100000000)
  region size 1024K, 20 young (20480K), 2 survivors (2048K)
 Metaspace       used 59998K, committed 60608K, reserved 1114112K
  class space    used 8293K, committed 8576K, reserved 1048576K
}
Event: 6.220 GC heap after
{Heap after GC invocations=14 (full 0):
 garbage-first heap   total 66560K, used 28478K [0x00000000c1600000, 0x0000000100000000)
  region size 1024K, 2 young (2048K), 2 survivors (2048K)
 Metaspace       used 59998K, committed 60608K, reserved 1114112K
  class space    used 8293K, committed 8576K, reserved 1048576K
}

