# JRE version: Java(TM) SE Runtime Environment (21.0.7+8) (build 21.0.7+8-LTS-245)
# Java VM: Java HotSpot(TM) 64-Bit Server VM (21.0.7+8-LTS-245, mixed mode, emulated-client, sharing, tiered, compressed oops, compressed class ptrs, g1 gc, windows-amd64)
GC Precious Log:
 CardTable entry size: 512
 Card Set container configuration: InlinePtr #cards 5 size 8 Array Of Cards #cards 12 size 40 Howl #buckets 4 coarsen threshold 1843 Howl Bitmap #cards 512 size 80 coarsen threshold 460 Card regions per heap region 1 cards per card region 2048
 CPUs: 4 total, 4 available
 Memory: 4002M
 Large Page Support: Disabled
 NUMA Support: Disabled
 Compressed Oops: Enabled (32-bit)
 Heap Region Size: 1M
 Heap Min Capacity: 8M
 Heap Initial Capacity: 64M
 Heap Max Capacity: 1002M
 Pre-touch: Disabled
 Parallel Workers: 4
 Concurrent Workers: 1
 Concurrent Refinement Workers: 4
 Periodic GC: Disabled
Heap:
 garbage-first heap   total 66560K, used 46211K [0x00000000c1600000, 0x0000000100000000)
  region size 1024K, 22 young (22528K), 2 survivors (2048K)
 Metaspace       used 59305K, committed 59904K, reserved 1114112K
  class space    used 8040K, committed 8320K, reserved 1048576K
GC Heap History (18 events):
Event: 0.542 GC heap before
{Heap before GC invocations=0 (full 0):
 garbage-first heap   total 65536K, used 14336K [0x00000000c1600000, 0x0000000100000000)
  region size 1024K, 13 young (13312K), 0 survivors (0K)
 Metaspace       used 3215K, committed 3392K, reserved 1114112K
  class space    used 371K, committed 448K, reserved 1048576K
}
Event: 0.548 GC heap after
{Heap after GC invocations=1 (full 0):
 garbage-first heap   total 65536K, used 7645K [0x00000000c1600000, 0x0000000100000000)
  region size 1024K, 2 young (2048K), 2 survivors (2048K)
 Metaspace       used 3215K, committed 3392K, reserved 1114112K
  class space    used 371K, committed 448K, reserved 1048576K
}
Event: 0.966 GC heap before
{Heap before GC invocations=1 (full 0):
 garbage-first heap   total 65536K, used 19933K [0x00000000c1600000, 0x0000000100000000)
  region size 1024K, 15 young (15360K), 2 survivors (2048K)
 Metaspace       used 8282K, committed 8576K, reserved 1114112K
  class space    used 1018K, committed 1152K, reserved 1048576K
}
Event: 0.972 GC heap after
{Heap after GC invocations=2 (full 0):
 garbage-first heap   total 65536K, used 9700K [0x00000000c1600000, 0x0000000100000000)
  region size 1024K, 2 young (2048K), 2 survivors (2048K)
 Metaspace       used 8282K, committed 8576K, reserved 1114112K
  class space    used 1018K, committed 1152K, reserved 1048576K
}
Event: 1.466 GC heap before
{Heap before GC invocations=2 (full 0):
 garbage-first heap   total 65536K, used 34276K [0x00000000c1600000, 0x0000000100000000)
  region size 1024K, 27 young (27648K), 2 survivors (2048K)
 Metaspace       used 13822K, committed 14272K, reserved 1114112K
  class space    used 1869K, committed 2048K, reserved 1048576K
}
Event: 1.471 GC heap after
{Heap after GC invocations=3 (full 0):
 garbage-first heap   total 65536K, used 11644K [0x00000000c1600000, 0x0000000100000000)
  region size 1024K, 4 young (4096K), 4 survivors (4096K)
 Metaspace       used 13822K, committed 14272K, reserved 1114112K
  class space    used 1869K, committed 2048K, reserved 1048576K
}
Event: 1.856 GC heap before
{Heap before GC invocations=3 (full 0):
 garbage-first heap   total 65536K, used 43388K [0x00000000c1600000, 0x0000000100000000)
  region size 1024K, 37 young (37888K), 4 survivors (4096K)
 Metaspace       used 21124K, committed 21504K, reserved 1114112K
  class space    used 2784K, committed 2944K, reserved 1048576K
}
Event: 1.863 GC heap after
{Heap after GC invocations=4 (full 0):
 garbage-first heap   total 65536K, used 14701K [0x00000000c1600000, 0x0000000100000000)
  region size 1024K, 5 young (5120K), 5 survivors (5120K)
 Metaspace       used 21124K, committed 21504K, reserved 1114112K
  class space    used 2784K, committed 2944K, reserved 1048576K
}
Event: 2.337 GC heap before
{Heap before GC invocations=5 (full 0):
 garbage-first heap   total 55296K, used 41325K [0x00000000c1600000, 0x0000000100000000)
  region size 1024K, 32 young (32768K), 5 survivors (5120K)
 Metaspace       used 23745K, committed 24192K, reserved 1114112K
  class space    used 3166K, committed 3392K, reserved 1048576K
}
Event: 2.343 GC heap after
{Heap after GC invocations=6 (full 0):
 garbage-first heap   total 66560K, used 16785K [0x00000000c1600000, 0x0000000100000000)
  region size 1024K, 3 young (3072K), 3 survivors (3072K)
 Metaspace       used 23745K, committed 24192K, reserved 1114112K
  class space    used 3166K, committed 3392K, reserved 1048576K
}
Event: 3.067 GC heap before
{Heap before GC invocations=6 (full 0):
 garbage-first heap   total 66560K, used 51601K [0x00000000c1600000, 0x0000000100000000)
  region size 1024K, 37 young (37888K), 3 survivors (3072K)
 Metaspace       used 29070K, committed 29632K, reserved 1114112K
  class space    used 3994K, committed 4224K, reserved 1048576K
}
Event: 3.072 GC heap after
{Heap after GC invocations=7 (full 0):
 garbage-first heap   total 66560K, used 20022K [0x00000000c1600000, 0x0000000100000000)
  region size 1024K, 5 young (5120K), 5 survivors (5120K)
 Metaspace       used 29070K, committed 29632K, reserved 1114112K
  class space    used 3994K, committed 4224K, reserved 1048576K
}
Event: 3.740 GC heap before
{Heap before GC invocations=7 (full 0):
 garbage-first heap   total 66560K, used 49718K [0x00000000c1600000, 0x0000000100000000)
  region size 1024K, 36 young (36864K), 5 survivors (5120K)
 Metaspace       used 35632K, committed 36160K, reserved 1114112K
  class space    used 4956K, committed 5184K, reserved 1048576K
}
Event: 3.747 GC heap after
{Heap after GC invocations=8 (full 0):
 garbage-first heap   total 66560K, used 22801K [0x00000000c1600000, 0x0000000100000000)
  region size 1024K, 3 young (3072K), 3 survivors (3072K)
 Metaspace       used 35632K, committed 36160K, reserved 1114112K
  class space    used 4956K, committed 5184K, reserved 1048576K
}
Event: 4.589 GC heap before
{Heap before GC invocations=9 (full 0):
 garbage-first heap   total 66560K, used 55569K [0x00000000c1600000, 0x0000000100000000)
  region size 1024K, 35 young (35840K), 3 survivors (3072K)
 Metaspace       used 45718K, committed 46400K, reserved 1114112K
  class space    used 6443K, committed 6720K, reserved 1048576K
}
Event: 4.594 GC heap after
{Heap after GC invocations=10 (full 0):
 garbage-first heap   total 66560K, used 25989K [0x00000000c1600000, 0x0000000100000000)
  region size 1024K, 5 young (5120K), 5 survivors (5120K)
 Metaspace       used 45718K, committed 46400K, reserved 1114112K
  class space    used 6443K, committed 6720K, reserved 1048576K
}
Event: 5.276 GC heap before
{Heap before GC invocations=10 (full 0):
 garbage-first heap   total 66560K, used 54661K [0x00000000c1600000, 0x0000000100000000)
  region size 1024K, 34 young (34816K), 5 survivors (5120K)
 Metaspace       used 53509K, committed 54144K, reserved 1114112K
  class space    used 7340K, committed 7616K, reserved 1048576K
}
Event: 5.282 GC heap after
{Heap after GC invocations=11 (full 0):
 garbage-first heap   total 66560K, used 27779K [0x00000000c1600000, 0x0000000100000000)
  region size 1024K, 2 young (2048K), 2 survivors (2048K)
 Metaspace       used 53509K, committed 54144K, reserved 1114112K
  class space    used 7340K, committed 7616K, reserved 1048576K
}

