# JRE version: Java(TM) SE Runtime Environment (21.0.7+8) (build 21.0.7+8-LTS-245)
# Java VM: Java HotSpot(TM) 64-Bit Server VM (21.0.7+8-LTS-245, mixed mode, emulated-client, sharing, tiered, compressed oops, compressed class ptrs, g1 gc, windows-amd64)
GC Precious Log:
 CardTable entry size: 512
 Card Set container configuration: InlinePtr #cards 5 size 8 Array Of Cards #cards 12 size 40 Howl #buckets 4 coarsen threshold 1843 Howl Bitmap #cards 512 size 80 coarsen threshold 460 Card regions per heap region 1 cards per card region 2048
 CPUs: 4 total, 4 available
 Memory: 4002M
 Large Page Support: Disabled
 NUMA Support: Disabled
 Compressed Oops: Enabled (32-bit)
 Heap Region Size: 1M
 Heap Min Capacity: 8M
 Heap Initial Capacity: 64M
 Heap Max Capacity: 1002M
 Pre-touch: Disabled
 Parallel Workers: 4
 Concurrent Workers: 1
 Concurrent Refinement Workers: 4
 Periodic GC: Disabled
Heap:
 garbage-first heap   total 66560K, used 39612K [0x00000000c1600000, 0x0000000100000000)
  region size 1024K, 15 young (15360K), 3 survivors (3072K)
 Metaspace       used 62513K, committed 63168K, reserved 1114112K
  class space    used 8710K, committed 8960K, reserved 1048576K
GC Heap History (20 events):
Event: 0.875 GC heap before
{Heap before GC invocations=1 (full 0):
 garbage-first heap   total 65536K, used 20039K [0x00000000c1600000, 0x0000000100000000)
  region size 1024K, 15 young (15360K), 2 survivors (2048K)
 Metaspace       used 8593K, committed 8896K, reserved 1114112K
  class space    used 1062K, committed 1216K, reserved 1048576K
}
Event: 0.882 GC heap after
{Heap after GC invocations=2 (full 0):
 garbage-first heap   total 65536K, used 9796K [0x00000000c1600000, 0x0000000100000000)
  region size 1024K, 2 young (2048K), 2 survivors (2048K)
 Metaspace       used 8593K, committed 8896K, reserved 1114112K
  class space    used 1062K, committed 1216K, reserved 1048576K
}
Event: 1.471 GC heap before
{Heap before GC invocations=2 (full 0):
 garbage-first heap   total 65536K, used 34372K [0x00000000c1600000, 0x0000000100000000)
  region size 1024K, 27 young (27648K), 2 survivors (2048K)
 Metaspace       used 13835K, committed 14336K, reserved 1114112K
  class space    used 1872K, committed 2112K, reserved 1048576K
}
Event: 1.476 GC heap after
{Heap after GC invocations=3 (full 0):
 garbage-first heap   total 65536K, used 11844K [0x00000000c1600000, 0x0000000100000000)
  region size 1024K, 4 young (4096K), 4 survivors (4096K)
 Metaspace       used 13835K, committed 14336K, reserved 1114112K
  class space    used 1872K, committed 2112K, reserved 1048576K
}
Event: 1.921 GC heap before
{Heap before GC invocations=3 (full 0):
 garbage-first heap   total 65536K, used 43588K [0x00000000c1600000, 0x0000000100000000)
  region size 1024K, 37 young (37888K), 4 survivors (4096K)
 Metaspace       used 21130K, committed 21504K, reserved 1114112K
  class space    used 2783K, committed 2944K, reserved 1048576K
}
Event: 1.928 GC heap after
{Heap after GC invocations=4 (full 0):
 garbage-first heap   total 65536K, used 14696K [0x00000000c1600000, 0x0000000100000000)
  region size 1024K, 5 young (5120K), 5 survivors (5120K)
 Metaspace       used 21130K, committed 21504K, reserved 1114112K
  class space    used 2783K, committed 2944K, reserved 1048576K
}
Event: 2.437 GC heap before
{Heap before GC invocations=5 (full 0):
 garbage-first heap   total 55296K, used 41320K [0x00000000c1600000, 0x0000000100000000)
  region size 1024K, 32 young (32768K), 5 survivors (5120K)
 Metaspace       used 23738K, committed 24192K, reserved 1114112K
  class space    used 3162K, committed 3392K, reserved 1048576K
}
Event: 2.443 GC heap after
{Heap after GC invocations=6 (full 0):
 garbage-first heap   total 55296K, used 17093K [0x00000000c1600000, 0x0000000100000000)
  region size 1024K, 3 young (3072K), 3 survivors (3072K)
 Metaspace       used 23738K, committed 24192K, reserved 1114112K
  class space    used 3162K, committed 3392K, reserved 1048576K
}
Event: 2.970 GC heap before
{Heap before GC invocations=6 (full 0):
 garbage-first heap   total 55296K, used 42693K [0x00000000c1600000, 0x0000000100000000)
  region size 1024K, 28 young (28672K), 3 survivors (3072K)
 Metaspace       used 27529K, committed 28096K, reserved 1114112K
  class space    used 3725K, committed 3968K, reserved 1048576K
}
Event: 2.975 GC heap after
{Heap after GC invocations=7 (full 0):
 garbage-first heap   total 66560K, used 19332K [0x00000000c1600000, 0x0000000100000000)
  region size 1024K, 3 young (3072K), 3 survivors (3072K)
 Metaspace       used 27529K, committed 28096K, reserved 1114112K
  class space    used 3725K, committed 3968K, reserved 1048576K
}
Event: 3.726 GC heap before
{Heap before GC invocations=7 (full 0):
 garbage-first heap   total 66560K, used 52100K [0x00000000c1600000, 0x0000000100000000)
  region size 1024K, 36 young (36864K), 3 survivors (3072K)
 Metaspace       used 33473K, committed 34112K, reserved 1114112K
  class space    used 4572K, committed 4864K, reserved 1048576K
}
Event: 3.731 GC heap after
{Heap after GC invocations=8 (full 0):
 garbage-first heap   total 66560K, used 22272K [0x00000000c1600000, 0x0000000100000000)
  region size 1024K, 5 young (5120K), 5 survivors (5120K)
 Metaspace       used 33473K, committed 34112K, reserved 1114112K
  class space    used 4572K, committed 4864K, reserved 1048576K
}
Event: 3.883 GC heap before
{Heap before GC invocations=8 (full 0):
 garbage-first heap   total 66560K, used 28416K [0x00000000c1600000, 0x0000000100000000)
  region size 1024K, 12 young (12288K), 5 survivors (5120K)
 Metaspace       used 35545K, committed 36096K, reserved 1114112K
  class space    used 4929K, committed 5184K, reserved 1048576K
}
Event: 3.888 GC heap after
{Heap after GC invocations=9 (full 0):
 garbage-first heap   total 66560K, used 23375K [0x00000000c1600000, 0x0000000100000000)
  region size 1024K, 1 young (1024K), 1 survivors (1024K)
 Metaspace       used 35545K, committed 36096K, reserved 1114112K
  class space    used 4929K, committed 5184K, reserved 1048576K
}
Event: 4.792 GC heap before
{Heap before GC invocations=10 (full 0):
 garbage-first heap   total 66560K, used 57167K [0x00000000c1600000, 0x0000000100000000)
  region size 1024K, 34 young (34816K), 1 survivors (1024K)
 Metaspace       used 46426K, committed 47040K, reserved 1114112K
  class space    used 6521K, committed 6784K, reserved 1048576K
}
Event: 4.795 GC heap after
{Heap after GC invocations=11 (full 0):
 garbage-first heap   total 66560K, used 26381K [0x00000000c1600000, 0x0000000100000000)
  region size 1024K, 4 young (4096K), 4 survivors (4096K)
 Metaspace       used 46426K, committed 47040K, reserved 1114112K
  class space    used 6521K, committed 6784K, reserved 1048576K
}
Event: 5.432 GC heap before
{Heap before GC invocations=11 (full 0):
 garbage-first heap   total 66560K, used 57101K [0x00000000c1600000, 0x0000000100000000)
  region size 1024K, 34 young (34816K), 4 survivors (4096K)
 Metaspace       used 53898K, committed 54528K, reserved 1114112K
  class space    used 7386K, committed 7680K, reserved 1048576K
}
Event: 5.436 GC heap after
{Heap after GC invocations=12 (full 0):
 garbage-first heap   total 66560K, used 27612K [0x00000000c1600000, 0x0000000100000000)
  region size 1024K, 2 young (2048K), 2 survivors (2048K)
 Metaspace       used 53898K, committed 54528K, reserved 1114112K
  class space    used 7386K, committed 7680K, reserved 1048576K
}
Event: 5.827 GC heap before
{Heap before GC invocations=12 (full 0):
 garbage-first heap   total 66560K, used 47068K [0x00000000c1600000, 0x0000000100000000)
  region size 1024K, 22 young (22528K), 2 survivors (2048K)
 Metaspace       used 60053K, committed 60608K, reserved 1114112K
  class space    used 8252K, committed 8512K, reserved 1048576K
}
Event: 5.830 GC heap after
{Heap after GC invocations=13 (full 0):
 garbage-first heap   total 66560K, used 28348K [0x00000000c1600000, 0x0000000100000000)
  region size 1024K, 3 young (3072K), 3 survivors (3072K)
 Metaspace       used 60053K, committed 60608K, reserved 1114112K
  class space    used 8252K, committed 8512K, reserved 1048576K
}

